1628067417362	mozrunner::runner	INFO	Running command: "C:\\Program Files\\Mozilla Firefox\\firefox.exe" "-marionette" "-foreground" "-no-remote" "-profile" "D:\\Temp\\rust_mozprofilequsxBP"
1628067418237	Marionette	INFO	Marionette enabled
JavaScript error: resource://gre/modules/XULStore.jsm, line 66: Error: Can't find profile directory.
console.warn: SearchSettings: "get: No settings file exists, new profile?" (new NotFoundError("Could not open the file at D:\\Temp\\rust_mozprofilequsxBP\\search.json.mozlz4", (void 0)))
1628067423262	Marionette	INFO	Listening on port 49487
1628067423373	Marionette	WARN	TLS certificate errors will be ignored for this session
1628067433329	Marionette	INFO	Stopped listening on port 49487

###!!! [Child][MessageChannel] Error: (msgtype=0x23002E,name=PBrowser::Msg___delete__) Channel closing: too late to send/recv, messages will be lost


###!!! [Parent][MessageChannel] Error: (msgtype=0x390079,name=PContent::Msg_DestroyBrowsingContextGroup) Closed channel: cannot send/recv

1628068108491	mozrunner::runner	INFO	Running command: "C:\\Program Files\\Mozilla Firefox\\firefox.exe" "-marionette" "-foreground" "-no-remote" "-profile" "D:\\Temp\\rust_mozprofileyMIDbu"
1628068109411	Marionette	INFO	Marionette enabled
JavaScript error: resource://gre/modules/XULStore.jsm, line 66: Error: Can't find profile directory.
console.warn: SearchSettings: "get: No settings file exists, new profile?" (new NotFoundError("Could not open the file at D:\\Temp\\rust_mozprofileyMIDbu\\search.json.mozlz4", (void 0)))
1628068114147	Marionette	INFO	Listening on port 61716
1628068114470	Marionette	WARN	TLS certificate errors will be ignored for this session
1628068125645	Marionette	INFO	Stopped listening on port 61716

###!!! [Parent][MessageChannel] Error: (msgtype=0x1F0011,name=PBackgroundStorage::Msg_Observe) Channel error: cannot send/recv


###!!! [Parent][MessageChannel] Error: (msgtype=0x1F0011,name=PBackgroundStorage::Msg_Observe) Channel error: cannot send/recv


###!!! [Parent][MessageChannel] Error: (msgtype=0x390079,name=PContent::Msg_DestroyBrowsingContextGroup) Closed channel: cannot send/recv


###!!! [Child][MessageChannel] Error: (msgtype=0x23002E,name=PBrowser::Msg___delete__) Channel closing: too late to send/recv, messages will be lost


###!!! [Child][RunMessage] Error: Channel closing: too late to send/recv, messages will be lost

1628068936150	mozrunner::runner	INFO	Running command: "C:\\Program Files\\Mozilla Firefox\\firefox.exe" "-marionette" "-foreground" "-no-remote" "-profile" "D:\\Temp\\rust_mozprofileMTe6Dg"
1628068936823	Marionette	INFO	Marionette enabled
1628070870548	mozrunner::runner	INFO	Running command: "C:\\Program Files\\Mozilla Firefox\\firefox.exe" "-marionette" "-foreground" "-no-remote" "-profile" "D:\\Temp\\rust_mozprofile71Xish"
1628070871235	Marionette	INFO	Marionette enabled
JavaScript error: resource://gre/modules/XULStore.jsm, line 66: Error: Can't find profile directory.
console.warn: SearchSettings: "get: No settings file exists, new profile?" (new NotFoundError("Could not open the file at D:\\Temp\\rust_mozprofile71Xish\\search.json.mozlz4", (void 0)))
1628070875075	Marionette	INFO	Listening on port 59468
1628070875382	Marionette	WARN	TLS certificate errors will be ignored for this session
1628070885429	Marionette	INFO	Stopped listening on port 59468
[Child 17396, IPC I/O Child] WARNING: pipe error: 232: file /builds/worker/checkouts/gecko/ipc/chromium/src/chrome/common/ipc_channel_win.cc:544

###!!! [Child][RunMessage] Error: Channel closing: too late to send/recv, messages will be lost

